{"/home/luiz/Documents/workspace/challenge-ewally/src/@types/index.d.ts": {"path":"/home/luiz/Documents/workspace/challenge-ewally/src/@types/index.d.ts","statementMap":{},"fnMap":{},"branchMap":{},"s":{},"f":{},"b":{},"inputSourceMap":null}
,"/home/luiz/Documents/workspace/challenge-ewally/src/enums/TicketTypeEnum.ts": {"path":"/home/luiz/Documents/workspace/challenge-ewally/src/enums/TicketTypeEnum.ts","statementMap":{"0":{"start":{"line":1,"column":0},"end":{"line":1,"column":null}},"1":{"start":{"line":2,"column":2},"end":{"line":2,"column":null}},"2":{"start":{"line":3,"column":2},"end":{"line":3,"column":null}}},"fnMap":{"0":{"name":"(anonymous_0)","decl":{"start":{"line":1,"column":0},"end":{"line":1,"column":12}},"loc":{"start":{"line":1,"column":26},"end":{"line":4,"column":1}}}},"branchMap":{"0":{"loc":{"start":{"line":1,"column":12},"end":{"line":1,"column":null}},"type":"binary-expr","locations":[{"start":{"line":1,"column":12},"end":{"line":1,"column":26}},{"start":{"line":1,"column":12},"end":{"line":1,"column":null}}]}},"s":{"0":6,"1":6,"2":6},"f":{"0":6},"b":{"0":[6,6]}}
,"/home/luiz/Documents/workspace/challenge-ewally/src/modules/users/useCases/ticket/calculateVerifyingDigitModuleTenUseCase/CalculateVerifyingDigitModuleTenUseCase.ts": {"path":"/home/luiz/Documents/workspace/challenge-ewally/src/modules/users/useCases/ticket/calculateVerifyingDigitModuleTenUseCase/CalculateVerifyingDigitModuleTenUseCase.ts","statementMap":{"0":{"start":{"line":1,"column":0},"end":{"line":1,"column":55}},"1":{"start":{"line":2,"column":0},"end":{"line":2,"column":51}},"2":{"start":{"line":3,"column":0},"end":{"line":3,"column":53}},"3":{"start":{"line":4,"column":0},"end":{"line":4,"column":53}},"4":{"start":{"line":5,"column":0},"end":{"line":5,"column":37}},"5":{"start":{"line":6,"column":0},"end":{"line":6,"column":89}},"6":{"start":{"line":7,"column":0},"end":{"line":7,"column":107}},"7":{"start":{"line":16,"column":0},"end":{"line":174,"column":null}},"8":{"start":{"line":18,"column":21},"end":{"line":18,"column":45}},"9":{"start":{"line":19,"column":21},"end":{"line":19,"column":52}},"10":{"start":{"line":24,"column":6},"end":{"line":24,"column":67}},"11":{"start":{"line":26,"column":21},"end":{"line":26,"column":46}},"12":{"start":{"line":28,"column":4},"end":{"line":80,"column":null}},"13":{"start":{"line":30,"column":8},"end":{"line":34,"column":10}},"14":{"start":{"line":36,"column":27},"end":{"line":40,"column":null}},"15":{"start":{"line":41,"column":33},"end":{"line":45,"column":null}},"16":{"start":{"line":47,"column":6},"end":{"line":68,"column":null}},"17":{"start":{"line":48,"column":44},"end":{"line":49,"column":null}},"18":{"start":{"line":51,"column":31},"end":{"line":53,"column":null}},"19":{"start":{"line":52,"column":42},"end":{"line":52,"column":69}},"20":{"start":{"line":55,"column":29},"end":{"line":55,"column":80}},"21":{"start":{"line":57,"column":28},"end":{"line":57,"column":70}},"22":{"start":{"line":59,"column":8},"end":{"line":65,"column":null}},"23":{"start":{"line":61,"column":30},"end":{"line":61,"column":66}},"24":{"start":{"line":64,"column":10},"end":{"line":64,"column":null}},"25":{"start":{"line":67,"column":8},"end":{"line":67,"column":null}},"26":{"start":{"line":70,"column":30},"end":{"line":70,"column":46}},"27":{"start":{"line":72,"column":22},"end":{"line":72,"column":234}},"28":{"start":{"line":73,"column":26},"end":{"line":73,"column":36}},"29":{"start":{"line":75,"column":6},"end":{"line":79,"column":null}},"30":{"start":{"line":87,"column":8},"end":{"line":92,"column":6}},"31":{"start":{"line":94,"column":25},"end":{"line":99,"column":null}},"32":{"start":{"line":101,"column":31},"end":{"line":106,"column":null}},"33":{"start":{"line":108,"column":4},"end":{"line":131,"column":null}},"34":{"start":{"line":109,"column":42},"end":{"line":110,"column":null}},"35":{"start":{"line":113,"column":29},"end":{"line":115,"column":null}},"36":{"start":{"line":114,"column":40},"end":{"line":114,"column":67}},"37":{"start":{"line":118,"column":27},"end":{"line":118,"column":78}},"38":{"start":{"line":120,"column":26},"end":{"line":120,"column":68}},"39":{"start":{"line":122,"column":6},"end":{"line":128,"column":null}},"40":{"start":{"line":124,"column":28},"end":{"line":124,"column":64}},"41":{"start":{"line":127,"column":8},"end":{"line":127,"column":null}},"42":{"start":{"line":130,"column":6},"end":{"line":130,"column":null}},"43":{"start":{"line":133,"column":28},"end":{"line":133,"column":44}},"44":{"start":{"line":134,"column":20},"end":{"line":134,"column":173}},"45":{"start":{"line":135,"column":24},"end":{"line":135,"column":34}},"46":{"start":{"line":137,"column":4},"end":{"line":141,"column":null}},"47":{"start":{"line":145,"column":16},"end":{"line":145,"column":17}},"48":{"start":{"line":146,"column":28},"end":{"line":146,"column":30}},"49":{"start":{"line":148,"column":4},"end":{"line":170,"column":null}},"50":{"start":{"line":149,"column":35},"end":{"line":149,"column":54}},"51":{"start":{"line":151,"column":6},"end":{"line":167,"column":null}},"52":{"start":{"line":152,"column":8},"end":{"line":152,"column":null}},"53":{"start":{"line":154,"column":33},"end":{"line":154,"column":57}},"54":{"start":{"line":156,"column":8},"end":{"line":166,"column":null}},"55":{"start":{"line":157,"column":34},"end":{"line":157,"column":61}},"56":{"start":{"line":160,"column":12},"end":{"line":161,"column":45}},"57":{"start":{"line":163,"column":10},"end":{"line":163,"column":null}},"58":{"start":{"line":165,"column":10},"end":{"line":165,"column":null}},"59":{"start":{"line":169,"column":6},"end":{"line":169,"column":null}},"60":{"start":{"line":172,"column":4},"end":{"line":172,"column":null}},"61":{"start":{"line":172,"column":42},"end":{"line":172,"column":55}},"62":{"start":{"line":16,"column":13},"end":{"line":174,"column":null}},"63":{"start":{"line":16,"column":13},"end":{"line":16,"column":52}}},"fnMap":{"0":{"name":"(anonymous_2)","decl":{"start":{"line":17,"column":2},"end":{"line":17,"column":null}},"loc":{"start":{"line":19,"column":80},"end":{"line":20,"column":6}}},"1":{"name":"(anonymous_3)","decl":{"start":{"line":22,"column":2},"end":{"line":22,"column":9}},"loc":{"start":{"line":22,"column":51},"end":{"line":142,"column":3}}},"2":{"name":"(anonymous_4)","decl":{"start":{"line":47,"column":23},"end":{"line":47,"column":24}},"loc":{"start":{"line":47,"column":39},"end":{"line":68,"column":7}}},"3":{"name":"(anonymous_5)","decl":{"start":{"line":52,"column":10},"end":{"line":52,"column":11}},"loc":{"start":{"line":52,"column":42},"end":{"line":52,"column":69}}},"4":{"name":"(anonymous_6)","decl":{"start":{"line":61,"column":12},"end":{"line":61,"column":13}},"loc":{"start":{"line":61,"column":30},"end":{"line":61,"column":66}}},"5":{"name":"(anonymous_7)","decl":{"start":{"line":108,"column":21},"end":{"line":108,"column":22}},"loc":{"start":{"line":108,"column":37},"end":{"line":131,"column":5}}},"6":{"name":"(anonymous_8)","decl":{"start":{"line":114,"column":8},"end":{"line":114,"column":9}},"loc":{"start":{"line":114,"column":40},"end":{"line":114,"column":67}}},"7":{"name":"(anonymous_9)","decl":{"start":{"line":124,"column":10},"end":{"line":124,"column":11}},"loc":{"start":{"line":124,"column":28},"end":{"line":124,"column":64}}},"8":{"name":"(anonymous_10)","decl":{"start":{"line":144,"column":10},"end":{"line":144,"column":36}},"loc":{"start":{"line":144,"column":58},"end":{"line":173,"column":3}}},"9":{"name":"(anonymous_11)","decl":{"start":{"line":172,"column":31},"end":{"line":172,"column":32}},"loc":{"start":{"line":172,"column":42},"end":{"line":172,"column":55}}}},"branchMap":{"0":{"loc":{"start":{"line":28,"column":4},"end":{"line":80,"column":null}},"type":"if","locations":[{"start":{"line":28,"column":4},"end":{"line":80,"column":null}}]},"1":{"loc":{"start":{"line":55,"column":29},"end":{"line":55,"column":80}},"type":"cond-expr","locations":[{"start":{"line":55,"column":57},"end":{"line":55,"column":58}},{"start":{"line":55,"column":61},"end":{"line":55,"column":80}}]},"2":{"loc":{"start":{"line":57,"column":28},"end":{"line":57,"column":70}},"type":"cond-expr","locations":[{"start":{"line":57,"column":49},"end":{"line":57,"column":50}},{"start":{"line":57,"column":53},"end":{"line":57,"column":70}}]},"3":{"loc":{"start":{"line":59,"column":8},"end":{"line":65,"column":null}},"type":"if","locations":[{"start":{"line":59,"column":8},"end":{"line":65,"column":null}}]},"4":{"loc":{"start":{"line":118,"column":27},"end":{"line":118,"column":78}},"type":"cond-expr","locations":[{"start":{"line":118,"column":55},"end":{"line":118,"column":56}},{"start":{"line":118,"column":59},"end":{"line":118,"column":78}}]},"5":{"loc":{"start":{"line":120,"column":26},"end":{"line":120,"column":68}},"type":"cond-expr","locations":[{"start":{"line":120,"column":47},"end":{"line":120,"column":48}},{"start":{"line":120,"column":51},"end":{"line":120,"column":68}}]},"6":{"loc":{"start":{"line":122,"column":6},"end":{"line":128,"column":null}},"type":"if","locations":[{"start":{"line":122,"column":6},"end":{"line":128,"column":null}}]},"7":{"loc":{"start":{"line":151,"column":6},"end":{"line":167,"column":null}},"type":"if","locations":[{"start":{"line":151,"column":6},"end":{"line":167,"column":null}},{"start":{"line":153,"column":13},"end":{"line":167,"column":null}}]},"8":{"loc":{"start":{"line":156,"column":8},"end":{"line":166,"column":null}},"type":"if","locations":[{"start":{"line":156,"column":8},"end":{"line":166,"column":null}},{"start":{"line":164,"column":15},"end":{"line":166,"column":null}}]}},"s":{"0":2,"1":2,"2":2,"3":2,"4":2,"5":2,"6":2,"7":2,"8":7,"9":7,"10":5,"11":5,"12":5,"13":3,"14":3,"15":3,"16":3,"17":8,"18":8,"19":77,"20":8,"21":8,"22":8,"23":15,"24":7,"25":1,"26":2,"27":2,"28":2,"29":2,"30":2,"31":2,"32":2,"33":2,"34":6,"35":6,"36":63,"37":6,"38":6,"39":6,"40":14,"41":5,"42":1,"43":1,"44":1,"45":1,"46":1,"47":14,"48":14,"49":14,"50":140,"51":140,"52":66,"53":74,"54":74,"55":30,"56":30,"57":30,"58":44,"59":140,"60":14,"61":140,"62":2,"63":2},"f":{"0":7,"1":5,"2":8,"3":77,"4":15,"5":6,"6":63,"7":14,"8":14,"9":140},"b":{"0":[3],"1":[0,8],"2":[0,8],"3":[7],"4":[0,6],"5":[0,6],"6":[5],"7":[66,74],"8":[30,44]}}
,"/home/luiz/Documents/workspace/challenge-ewally/src/modules/users/useCases/ticket/getTicketBlocksUseCase/GetTicketBlocksUseCase.ts": {"path":"/home/luiz/Documents/workspace/challenge-ewally/src/modules/users/useCases/ticket/getTicketBlocksUseCase/GetTicketBlocksUseCase.ts","statementMap":{"0":{"start":{"line":1,"column":0},"end":{"line":1,"column":53}},"1":{"start":{"line":2,"column":0},"end":{"line":2,"column":37}},"2":{"start":{"line":13,"column":0},"end":{"line":32,"column":null}},"3":{"start":{"line":15,"column":21},"end":{"line":15,"column":46}},"4":{"start":{"line":17,"column":4},"end":{"line":23,"column":null}},"5":{"start":{"line":18,"column":23},"end":{"line":18,"column":42}},"6":{"start":{"line":19,"column":23},"end":{"line":19,"column":43}},"7":{"start":{"line":20,"column":25},"end":{"line":20,"column":45}},"8":{"start":{"line":22,"column":6},"end":{"line":22,"column":null}},"9":{"start":{"line":25,"column":21},"end":{"line":25,"column":40}},"10":{"start":{"line":26,"column":21},"end":{"line":26,"column":41}},"11":{"start":{"line":27,"column":23},"end":{"line":27,"column":43}},"12":{"start":{"line":28,"column":22},"end":{"line":28,"column":42}},"13":{"start":{"line":30,"column":4},"end":{"line":30,"column":null}},"14":{"start":{"line":13,"column":13},"end":{"line":32,"column":null}},"15":{"start":{"line":13,"column":13},"end":{"line":13,"column":35}}},"fnMap":{"0":{"name":"(anonymous_1)","decl":{"start":{"line":14,"column":2},"end":{"line":14,"column":9}},"loc":{"start":{"line":14,"column":45},"end":{"line":31,"column":3}}}},"branchMap":{"0":{"loc":{"start":{"line":17,"column":4},"end":{"line":23,"column":null}},"type":"if","locations":[{"start":{"line":17,"column":4},"end":{"line":23,"column":null}}]}},"s":{"0":3,"1":3,"2":3,"3":2,"4":2,"5":1,"6":1,"7":1,"8":1,"9":1,"10":1,"11":1,"12":1,"13":1,"14":3,"15":3},"f":{"0":2},"b":{"0":[1]}}
,"/home/luiz/Documents/workspace/challenge-ewally/src/modules/users/useCases/ticket/getTicketDataUseCase/GetTicketDataUseCase.ts": {"path":"/home/luiz/Documents/workspace/challenge-ewally/src/modules/users/useCases/ticket/getTicketDataUseCase/GetTicketDataUseCase.ts","statementMap":{"0":{"start":{"line":1,"column":0},"end":{"line":1,"column":37}},"1":{"start":{"line":2,"column":0},"end":{"line":2,"column":82}},"2":{"start":{"line":3,"column":0},"end":{"line":3,"column":140}},"3":{"start":{"line":4,"column":0},"end":{"line":4,"column":101}},"4":{"start":{"line":5,"column":0},"end":{"line":5,"column":57}},"5":{"start":{"line":8,"column":0},"end":{"line":22,"column":null}},"6":{"start":{"line":9,"column":32},"end":{"line":9,"column":58}},"7":{"start":{"line":10,"column":21},"end":{"line":10,"column":62}},"8":{"start":{"line":11,"column":21},"end":{"line":11,"column":45}},"9":{"start":{"line":14,"column":33},"end":{"line":14,"column":96}},"10":{"start":{"line":16,"column":50},"end":{"line":16,"column":128}},"11":{"start":{"line":18,"column":4},"end":{"line":18,"column":null}},"12":{"start":{"line":20,"column":4},"end":{"line":20,"column":null}},"13":{"start":{"line":8,"column":13},"end":{"line":22,"column":null}},"14":{"start":{"line":8,"column":13},"end":{"line":8,"column":33}}},"fnMap":{"0":{"name":"(anonymous_2)","decl":{"start":{"line":9,"column":2},"end":{"line":9,"column":32}},"loc":{"start":{"line":11,"column":67},"end":{"line":11,"column":71}}},"1":{"name":"(anonymous_3)","decl":{"start":{"line":13,"column":2},"end":{"line":13,"column":9}},"loc":{"start":{"line":13,"column":51},"end":{"line":21,"column":3}}}},"branchMap":{},"s":{"0":1,"1":1,"2":1,"3":1,"4":1,"5":1,"6":2,"7":2,"8":2,"9":2,"10":2,"11":2,"12":2,"13":1,"14":1},"f":{"0":2,"1":2},"b":{}}
,"/home/luiz/Documents/workspace/challenge-ewally/src/modules/users/useCases/ticket/getTicketExpirateFactorUseCase/GetTicketExpirateUseCase.ts": {"path":"/home/luiz/Documents/workspace/challenge-ewally/src/modules/users/useCases/ticket/getTicketExpirateFactorUseCase/GetTicketExpirateUseCase.ts","statementMap":{"0":{"start":{"line":1,"column":0},"end":{"line":1,"column":53}},"1":{"start":{"line":2,"column":0},"end":{"line":2,"column":37}},"2":{"start":{"line":5,"column":0},"end":{"line":23,"column":null}},"3":{"start":{"line":7,"column":21},"end":{"line":7,"column":46}},"4":{"start":{"line":9,"column":4},"end":{"line":17,"column":null}},"5":{"start":{"line":10,"column":27},"end":{"line":10,"column":47}},"6":{"start":{"line":12,"column":23},"end":{"line":12,"column":155}},"7":{"start":{"line":14,"column":32},"end":{"line":14,"column":125}},"8":{"start":{"line":16,"column":6},"end":{"line":16,"column":null}},"9":{"start":{"line":19,"column":33},"end":{"line":19,"column":86}},"10":{"start":{"line":21,"column":4},"end":{"line":21,"column":null}},"11":{"start":{"line":5,"column":13},"end":{"line":23,"column":null}},"12":{"start":{"line":5,"column":13},"end":{"line":5,"column":37}}},"fnMap":{"0":{"name":"(anonymous_1)","decl":{"start":{"line":6,"column":2},"end":{"line":6,"column":9}},"loc":{"start":{"line":6,"column":45},"end":{"line":22,"column":3}}}},"branchMap":{"0":{"loc":{"start":{"line":9,"column":4},"end":{"line":17,"column":null}},"type":"if","locations":[{"start":{"line":9,"column":4},"end":{"line":17,"column":null}}]}},"s":{"0":2,"1":2,"2":2,"3":2,"4":2,"5":1,"6":1,"7":1,"8":1,"9":1,"10":1,"11":2,"12":2},"f":{"0":2},"b":{"0":[1]}}
,"/home/luiz/Documents/workspace/challenge-ewally/src/modules/users/useCases/ticket/getTicketVerifyDigitsUseCase/GetTicketVerifyDigitsUseCase.ts": {"path":"/home/luiz/Documents/workspace/challenge-ewally/src/modules/users/useCases/ticket/getTicketVerifyDigitsUseCase/GetTicketVerifyDigitsUseCase.ts","statementMap":{"0":{"start":{"line":1,"column":0},"end":{"line":1,"column":37}},"1":{"start":{"line":12,"column":0},"end":{"line":29,"column":null}},"2":{"start":{"line":14,"column":4},"end":{"line":20,"column":null}},"3":{"start":{"line":15,"column":29},"end":{"line":15,"column":50}},"4":{"start":{"line":16,"column":29},"end":{"line":16,"column":51}},"5":{"start":{"line":17,"column":31},"end":{"line":17,"column":55}},"6":{"start":{"line":19,"column":6},"end":{"line":19,"column":null}},"7":{"start":{"line":22,"column":27},"end":{"line":22,"column":49}},"8":{"start":{"line":23,"column":27},"end":{"line":23,"column":49}},"9":{"start":{"line":24,"column":29},"end":{"line":24,"column":53}},"10":{"start":{"line":25,"column":28},"end":{"line":25,"column":51}},"11":{"start":{"line":27,"column":4},"end":{"line":27,"column":null}},"12":{"start":{"line":12,"column":13},"end":{"line":29,"column":null}},"13":{"start":{"line":12,"column":13},"end":{"line":12,"column":41}}},"fnMap":{"0":{"name":"(anonymous_1)","decl":{"start":{"line":13,"column":2},"end":{"line":13,"column":9}},"loc":{"start":{"line":13,"column":72},"end":{"line":28,"column":3}}}},"branchMap":{"0":{"loc":{"start":{"line":14,"column":4},"end":{"line":20,"column":null}},"type":"if","locations":[{"start":{"line":14,"column":4},"end":{"line":20,"column":null}}]}},"s":{"0":3,"1":3,"2":2,"3":1,"4":1,"5":1,"6":1,"7":1,"8":1,"9":1,"10":1,"11":1,"12":3,"13":3},"f":{"0":2},"b":{"0":[1]}}
,"/home/luiz/Documents/workspace/challenge-ewally/src/modules/users/useCases/ticket/validateBarCodeUseCase/ValidateBarCode.ts": {"path":"/home/luiz/Documents/workspace/challenge-ewally/src/modules/users/useCases/ticket/validateBarCodeUseCase/ValidateBarCode.ts","statementMap":{"0":{"start":{"line":1,"column":0},"end":{"line":1,"column":55}},"1":{"start":{"line":2,"column":0},"end":{"line":2,"column":51}},"2":{"start":{"line":3,"column":0},"end":{"line":3,"column":37}},"3":{"start":{"line":6,"column":0},"end":{"line":90,"column":null}},"4":{"start":{"line":8,"column":4},"end":{"line":39,"column":null}},"5":{"start":{"line":9,"column":23},"end":{"line":9,"column":25}},"6":{"start":{"line":10,"column":6},"end":{"line":14,"column":null}},"7":{"start":{"line":16,"column":37},"end":{"line":16,"column":48}},"8":{"start":{"line":18,"column":16},"end":{"line":18,"column":17}},"9":{"start":{"line":19,"column":30},"end":{"line":19,"column":31}},"10":{"start":{"line":21,"column":6},"end":{"line":27,"column":null}},"11":{"start":{"line":21,"column":19},"end":{"line":21,"column":20}},"12":{"start":{"line":22,"column":8},"end":{"line":22,"column":null}},"13":{"start":{"line":23,"column":8},"end":{"line":23,"column":null}},"14":{"start":{"line":24,"column":8},"end":{"line":26,"column":null}},"15":{"start":{"line":25,"column":10},"end":{"line":25,"column":null}},"16":{"start":{"line":29,"column":17},"end":{"line":29,"column":25}},"17":{"start":{"line":30,"column":6},"end":{"line":30,"column":null}},"18":{"start":{"line":32,"column":8},"end":{"line":32,"column":59}},"19":{"start":{"line":34,"column":6},"end":{"line":36,"column":null}},"20":{"start":{"line":35,"column":8},"end":{"line":35,"column":null}},"21":{"start":{"line":38,"column":6},"end":{"line":38,"column":null}},"22":{"start":{"line":41,"column":16},"end":{"line":41,"column":17}},"23":{"start":{"line":42,"column":28},"end":{"line":42,"column":30}},"24":{"start":{"line":43,"column":21},"end":{"line":43,"column":23}},"25":{"start":{"line":44,"column":4},"end":{"line":48,"column":null}},"26":{"start":{"line":50,"column":4},"end":{"line":72,"column":null}},"27":{"start":{"line":51,"column":35},"end":{"line":51,"column":54}},"28":{"start":{"line":53,"column":6},"end":{"line":69,"column":null}},"29":{"start":{"line":54,"column":8},"end":{"line":54,"column":null}},"30":{"start":{"line":56,"column":33},"end":{"line":56,"column":57}},"31":{"start":{"line":58,"column":8},"end":{"line":68,"column":null}},"32":{"start":{"line":59,"column":34},"end":{"line":59,"column":61}},"33":{"start":{"line":62,"column":12},"end":{"line":63,"column":45}},"34":{"start":{"line":65,"column":10},"end":{"line":65,"column":null}},"35":{"start":{"line":67,"column":10},"end":{"line":67,"column":null}},"36":{"start":{"line":71,"column":6},"end":{"line":71,"column":null}},"37":{"start":{"line":74,"column":27},"end":{"line":77,"column":null}},"38":{"start":{"line":76,"column":8},"end":{"line":76,"column":51}},"39":{"start":{"line":80,"column":25},"end":{"line":80,"column":76}},"40":{"start":{"line":82,"column":24},"end":{"line":82,"column":66}},"41":{"start":{"line":84,"column":4},"end":{"line":86,"column":null}},"42":{"start":{"line":85,"column":6},"end":{"line":85,"column":null}},"43":{"start":{"line":88,"column":4},"end":{"line":88,"column":null}},"44":{"start":{"line":6,"column":13},"end":{"line":90,"column":null}},"45":{"start":{"line":6,"column":13},"end":{"line":6,"column":35}}},"fnMap":{"0":{"name":"(anonymous_1)","decl":{"start":{"line":7,"column":2},"end":{"line":7,"column":9}},"loc":{"start":{"line":7,"column":68},"end":{"line":89,"column":3}}},"1":{"name":"(anonymous_2)","decl":{"start":{"line":75,"column":6},"end":{"line":75,"column":7}},"loc":{"start":{"line":76,"column":8},"end":{"line":76,"column":51}}}},"branchMap":{"0":{"loc":{"start":{"line":8,"column":4},"end":{"line":39,"column":null}},"type":"if","locations":[{"start":{"line":8,"column":4},"end":{"line":39,"column":null}}]},"1":{"loc":{"start":{"line":24,"column":8},"end":{"line":26,"column":null}},"type":"if","locations":[{"start":{"line":24,"column":8},"end":{"line":26,"column":null}}]},"2":{"loc":{"start":{"line":32,"column":8},"end":{"line":32,"column":59}},"type":"cond-expr","locations":[{"start":{"line":32,"column":51},"end":{"line":32,"column":52}},{"start":{"line":32,"column":55},"end":{"line":32,"column":59}}]},"3":{"loc":{"start":{"line":32,"column":8},"end":{"line":32,"column":48}},"type":"binary-expr","locations":[{"start":{"line":32,"column":8},"end":{"line":32,"column":18}},{"start":{"line":32,"column":22},"end":{"line":32,"column":33}},{"start":{"line":32,"column":37},"end":{"line":32,"column":48}}]},"4":{"loc":{"start":{"line":34,"column":6},"end":{"line":36,"column":null}},"type":"if","locations":[{"start":{"line":34,"column":6},"end":{"line":36,"column":null}}]},"5":{"loc":{"start":{"line":53,"column":6},"end":{"line":69,"column":null}},"type":"if","locations":[{"start":{"line":53,"column":6},"end":{"line":69,"column":null}},{"start":{"line":55,"column":13},"end":{"line":69,"column":null}}]},"6":{"loc":{"start":{"line":58,"column":8},"end":{"line":68,"column":null}},"type":"if","locations":[{"start":{"line":58,"column":8},"end":{"line":68,"column":null}},{"start":{"line":66,"column":15},"end":{"line":68,"column":null}}]},"7":{"loc":{"start":{"line":80,"column":25},"end":{"line":80,"column":76}},"type":"cond-expr","locations":[{"start":{"line":80,"column":53},"end":{"line":80,"column":54}},{"start":{"line":80,"column":57},"end":{"line":80,"column":76}}]},"8":{"loc":{"start":{"line":82,"column":24},"end":{"line":82,"column":66}},"type":"cond-expr","locations":[{"start":{"line":82,"column":45},"end":{"line":82,"column":46}},{"start":{"line":82,"column":49},"end":{"line":82,"column":66}}]},"9":{"loc":{"start":{"line":84,"column":4},"end":{"line":86,"column":null}},"type":"if","locations":[{"start":{"line":84,"column":4},"end":{"line":86,"column":null}}]}},"s":{"0":2,"1":2,"2":2,"3":2,"4":4,"5":2,"6":2,"7":2,"8":2,"9":2,"10":2,"11":2,"12":86,"13":86,"14":86,"15":10,"16":2,"17":2,"18":2,"19":2,"20":1,"21":1,"22":2,"23":2,"24":2,"25":2,"26":2,"27":86,"28":86,"29":42,"30":44,"31":44,"32":10,"33":10,"34":10,"35":34,"36":86,"37":2,"38":86,"39":2,"40":2,"41":2,"42":1,"43":1,"44":2,"45":2},"f":{"0":4,"1":86},"b":{"0":[2],"1":[10],"2":[0,2],"3":[2,2,2],"4":[1],"5":[42,44],"6":[10,34],"7":[0,2],"8":[0,2],"9":[1]}}
,"/home/luiz/Documents/workspace/challenge-ewally/src/utils/BuildResultData.ts": {"path":"/home/luiz/Documents/workspace/challenge-ewally/src/utils/BuildResultData.ts","statementMap":{"0":{"start":{"line":1,"column":0},"end":{"line":1,"column":55}},"1":{"start":{"line":10,"column":14},"end":{"line":10,"column":104}},"2":{"start":{"line":11,"column":16},"end":{"line":11,"column":113}},"3":{"start":{"line":13,"column":2},"end":{"line":18,"column":null}},"4":{"start":{"line":9,"column":0},"end":{"line":9,"column":16}},"5":{"start":{"line":22,"column":2},"end":{"line":28,"column":null}},"6":{"start":{"line":23,"column":18},"end":{"line":25,"column":16}},"7":{"start":{"line":27,"column":4},"end":{"line":27,"column":null}},"8":{"start":{"line":30,"column":16},"end":{"line":32,"column":14}},"9":{"start":{"line":34,"column":2},"end":{"line":34,"column":null}},"10":{"start":{"line":39,"column":2},"end":{"line":49,"column":null}},"11":{"start":{"line":40,"column":4},"end":{"line":47,"column":null}},"12":{"start":{"line":41,"column":6},"end":{"line":41,"column":null}},"13":{"start":{"line":42,"column":11},"end":{"line":47,"column":null}},"14":{"start":{"line":43,"column":6},"end":{"line":43,"column":null}},"15":{"start":{"line":45,"column":23},"end":{"line":45,"column":115}},"16":{"start":{"line":46,"column":6},"end":{"line":46,"column":null}},"17":{"start":{"line":48,"column":4},"end":{"line":48,"column":null}},"18":{"start":{"line":50,"column":2},"end":{"line":50,"column":null}}},"fnMap":{"0":{"name":"BuildResultData","decl":{"start":{"line":9,"column":16},"end":{"line":9,"column":31}},"loc":{"start":{"line":9,"column":106},"end":{"line":19,"column":1}}},"1":{"name":"getAmount","decl":{"start":{"line":21,"column":9},"end":{"line":21,"column":18}},"loc":{"start":{"line":21,"column":54},"end":{"line":35,"column":1}}},"2":{"name":"getValue","decl":{"start":{"line":37,"column":9},"end":{"line":37,"column":17}},"loc":{"start":{"line":37,"column":32},"end":{"line":51,"column":1}}}},"branchMap":{"0":{"loc":{"start":{"line":10,"column":14},"end":{"line":10,"column":104}},"type":"cond-expr","locations":[{"start":{"line":10,"column":47},"end":{"line":10,"column":71}},{"start":{"line":10,"column":74},"end":{"line":10,"column":104}}]},"1":{"loc":{"start":{"line":11,"column":16},"end":{"line":11,"column":113}},"type":"cond-expr","locations":[{"start":{"line":11,"column":50},"end":{"line":11,"column":75}},{"start":{"line":11,"column":78},"end":{"line":11,"column":113}}]},"2":{"loc":{"start":{"line":22,"column":2},"end":{"line":28,"column":null}},"type":"if","locations":[{"start":{"line":22,"column":2},"end":{"line":28,"column":null}}]},"3":{"loc":{"start":{"line":39,"column":2},"end":{"line":49,"column":null}},"type":"if","locations":[{"start":{"line":39,"column":2},"end":{"line":49,"column":null}}]},"4":{"loc":{"start":{"line":40,"column":4},"end":{"line":47,"column":null}},"type":"if","locations":[{"start":{"line":40,"column":4},"end":{"line":47,"column":null}},{"start":{"line":42,"column":11},"end":{"line":47,"column":null}}]},"5":{"loc":{"start":{"line":42,"column":11},"end":{"line":47,"column":null}},"type":"if","locations":[{"start":{"line":42,"column":11},"end":{"line":47,"column":null}},{"start":{"line":44,"column":11},"end":{"line":47,"column":null}}]}},"s":{"0":2,"1":4,"2":4,"3":4,"4":2,"5":4,"6":3,"7":3,"8":1,"9":1,"10":4,"11":4,"12":0,"13":4,"14":0,"15":4,"16":4,"17":0,"18":0},"f":{"0":4,"1":4,"2":4},"b":{"0":[2,2],"1":[2,2],"2":[3],"3":[4],"4":[0,4],"5":[0,4]}}
,"/home/luiz/Documents/workspace/challenge-ewally/src/utils/GetTicketType.ts": {"path":"/home/luiz/Documents/workspace/challenge-ewally/src/utils/GetTicketType.ts","statementMap":{"0":{"start":{"line":1,"column":0},"end":{"line":1,"column":55}},"1":{"start":{"line":9,"column":2},"end":{"line":11,"column":null}},"2":{"start":{"line":10,"column":4},"end":{"line":10,"column":null}},"3":{"start":{"line":13,"column":2},"end":{"line":15,"column":null}},"4":{"start":{"line":8,"column":0},"end":{"line":8,"column":16}}},"fnMap":{"0":{"name":"getTicketType","decl":{"start":{"line":8,"column":16},"end":{"line":8,"column":29}},"loc":{"start":{"line":8,"column":49},"end":{"line":16,"column":1}}}},"branchMap":{"0":{"loc":{"start":{"line":9,"column":2},"end":{"line":11,"column":null}},"type":"if","locations":[{"start":{"line":9,"column":2},"end":{"line":11,"column":null}}]}},"s":{"0":4,"1":9,"2":5,"3":4,"4":4},"f":{"0":9},"b":{"0":[5]}}
,"/home/luiz/Documents/workspace/challenge-ewally/src/utils/ReverseString.ts": {"path":"/home/luiz/Documents/workspace/challenge-ewally/src/utils/ReverseString.ts","statementMap":{"0":{"start":{"line":2,"column":2},"end":{"line":2,"column":null}},"1":{"start":{"line":1,"column":0},"end":{"line":1,"column":16}}},"fnMap":{"0":{"name":"reverseString","decl":{"start":{"line":1,"column":16},"end":{"line":1,"column":29}},"loc":{"start":{"line":1,"column":44},"end":{"line":3,"column":1}}}},"branchMap":{},"s":{"0":14,"1":2},"f":{"0":14},"b":{}}
}
