{"/home/luiz/Documents/workspace/challenge-semantix/src/modules/users/useCases/getUserAddressUseCase/GetUserAddressUseCase.ts": {"path":"/home/luiz/Documents/workspace/challenge-semantix/src/modules/users/useCases/getUserAddressUseCase/GetUserAddressUseCase.ts","statementMap":{"0":{"start":{"line":3,"column":0},"end":{"line":3,"column":77}},"1":{"start":{"line":4,"column":0},"end":{"line":4,"column":37}},"2":{"start":{"line":5,"column":0},"end":{"line":5,"column":70}},"3":{"start":{"line":8,"column":0},"end":{"line":36,"column":null}},"4":{"start":{"line":10,"column":21},"end":{"line":10,"column":48}},"5":{"start":{"line":14,"column":4},"end":{"line":34,"column":null}},"6":{"start":{"line":15,"column":22},"end":{"line":16,"column":null}},"7":{"start":{"line":19,"column":6},"end":{"line":29,"column":null}},"8":{"start":{"line":20,"column":8},"end":{"line":28,"column":null}},"9":{"start":{"line":31,"column":6},"end":{"line":33,"column":null}},"10":{"start":{"line":8,"column":6},"end":{"line":36,"column":null}},"11":{"start":{"line":38,"column":9},"end":{"line":38,"column":30}}},"fnMap":{"0":{"name":"(anonymous_2)","decl":{"start":{"line":9,"column":2},"end":{"line":9,"column":null}},"loc":{"start":{"line":10,"column":73},"end":{"line":11,"column":6}}},"1":{"name":"(anonymous_3)","decl":{"start":{"line":13,"column":2},"end":{"line":13,"column":7}},"loc":{"start":{"line":13,"column":30},"end":{"line":35,"column":3}}},"2":{"name":"(anonymous_4)","decl":{"start":{"line":19,"column":33},"end":{"line":19,"column":34}},"loc":{"start":{"line":19,"column":45},"end":{"line":29,"column":7}}}},"branchMap":{},"s":{"0":2,"1":2,"2":2,"3":2,"4":9,"5":2,"6":2,"7":1,"8":1,"9":1,"10":2,"11":2},"f":{"0":9,"1":2,"2":1},"b":{}}
,"/home/luiz/Documents/workspace/challenge-semantix/src/modules/users/useCases/getUserContactsUseCase/GetUseContactsUseCase.ts": {"path":"/home/luiz/Documents/workspace/challenge-semantix/src/modules/users/useCases/getUserContactsUseCase/GetUseContactsUseCase.ts","statementMap":{"0":{"start":{"line":3,"column":0},"end":{"line":3,"column":79}},"1":{"start":{"line":4,"column":0},"end":{"line":4,"column":37}},"2":{"start":{"line":5,"column":0},"end":{"line":5,"column":70}},"3":{"start":{"line":8,"column":0},"end":{"line":30,"column":null}},"4":{"start":{"line":9,"column":32},"end":{"line":9,"column":60}},"5":{"start":{"line":12,"column":4},"end":{"line":28,"column":null}},"6":{"start":{"line":13,"column":23},"end":{"line":13,"column":87}},"7":{"start":{"line":15,"column":6},"end":{"line":25,"column":null}},"8":{"start":{"line":16,"column":8},"end":{"line":24,"column":null}},"9":{"start":{"line":27,"column":6},"end":{"line":27,"column":null}},"10":{"start":{"line":8,"column":6},"end":{"line":30,"column":null}},"11":{"start":{"line":32,"column":9},"end":{"line":32,"column":31}}},"fnMap":{"0":{"name":"(anonymous_2)","decl":{"start":{"line":9,"column":2},"end":{"line":9,"column":32}},"loc":{"start":{"line":9,"column":86},"end":{"line":9,"column":90}}},"1":{"name":"(anonymous_3)","decl":{"start":{"line":11,"column":2},"end":{"line":11,"column":7}},"loc":{"start":{"line":11,"column":30},"end":{"line":29,"column":3}}},"2":{"name":"(anonymous_4)","decl":{"start":{"line":15,"column":34},"end":{"line":15,"column":35}},"loc":{"start":{"line":15,"column":46},"end":{"line":25,"column":7}}}},"branchMap":{},"s":{"0":2,"1":2,"2":2,"3":2,"4":9,"5":2,"6":2,"7":1,"8":1,"9":1,"10":2,"11":2},"f":{"0":9,"1":2,"2":1},"b":{}}
,"/home/luiz/Documents/workspace/challenge-semantix/src/modules/users/useCases/getUsersUseCase/GetUsersUseCase.ts": {"path":"/home/luiz/Documents/workspace/challenge-semantix/src/modules/users/useCases/getUsersUseCase/GetUsersUseCase.ts","statementMap":{"0":{"start":{"line":3,"column":0},"end":{"line":3,"column":65}},"1":{"start":{"line":4,"column":0},"end":{"line":4,"column":65}},"2":{"start":{"line":5,"column":0},"end":{"line":5,"column":69}},"3":{"start":{"line":7,"column":0},"end":{"line":7,"column":37}},"4":{"start":{"line":8,"column":0},"end":{"line":8,"column":66}},"5":{"start":{"line":9,"column":0},"end":{"line":9,"column":70}},"6":{"start":{"line":11,"column":0},"end":{"line":11,"column":86}},"7":{"start":{"line":12,"column":0},"end":{"line":12,"column":88}},"8":{"start":{"line":15,"column":0},"end":{"line":57,"column":null}},"9":{"start":{"line":17,"column":21},"end":{"line":17,"column":42}},"10":{"start":{"line":18,"column":21},"end":{"line":18,"column":37}},"11":{"start":{"line":19,"column":21},"end":{"line":19,"column":38}},"12":{"start":{"line":23,"column":4},"end":{"line":55,"column":null}},"13":{"start":{"line":24,"column":6},"end":{"line":26,"column":null}},"14":{"start":{"line":25,"column":8},"end":{"line":25,"column":null}},"15":{"start":{"line":28,"column":6},"end":{"line":30,"column":null}},"16":{"start":{"line":29,"column":8},"end":{"line":29,"column":null}},"17":{"start":{"line":32,"column":6},"end":{"line":34,"column":null}},"18":{"start":{"line":33,"column":8},"end":{"line":33,"column":null}},"19":{"start":{"line":36,"column":6},"end":{"line":38,"column":null}},"20":{"start":{"line":37,"column":8},"end":{"line":37,"column":null}},"21":{"start":{"line":40,"column":20},"end":{"line":40,"column":91}},"22":{"start":{"line":42,"column":24},"end":{"line":42,"column":64}},"23":{"start":{"line":43,"column":23},"end":{"line":43,"column":64}},"24":{"start":{"line":45,"column":27},"end":{"line":50,"column":8}},"25":{"start":{"line":46,"column":24},"end":{"line":46,"column":81}},"26":{"start":{"line":46,"column":54},"end":{"line":46,"column":80}},"27":{"start":{"line":47,"column":24},"end":{"line":47,"column":80}},"28":{"start":{"line":47,"column":53},"end":{"line":47,"column":79}},"29":{"start":{"line":49,"column":8},"end":{"line":49,"column":null}},"30":{"start":{"line":52,"column":6},"end":{"line":52,"column":null}},"31":{"start":{"line":54,"column":6},"end":{"line":54,"column":null}},"32":{"start":{"line":15,"column":6},"end":{"line":57,"column":null}},"33":{"start":{"line":59,"column":9},"end":{"line":59,"column":24}}},"fnMap":{"0":{"name":"(anonymous_2)","decl":{"start":{"line":16,"column":2},"end":{"line":16,"column":null}},"loc":{"start":{"line":19,"column":60},"end":{"line":20,"column":6}}},"1":{"name":"(anonymous_3)","decl":{"start":{"line":22,"column":2},"end":{"line":22,"column":7}},"loc":{"start":{"line":22,"column":79},"end":{"line":56,"column":3}}},"2":{"name":"(anonymous_4)","decl":{"start":{"line":45,"column":37},"end":{"line":45,"column":38}},"loc":{"start":{"line":45,"column":46},"end":{"line":50,"column":7}}},"3":{"name":"(anonymous_5)","decl":{"start":{"line":46,"column":41},"end":{"line":46,"column":42}},"loc":{"start":{"line":46,"column":54},"end":{"line":46,"column":80}}},"4":{"name":"(anonymous_6)","decl":{"start":{"line":47,"column":40},"end":{"line":47,"column":41}},"loc":{"start":{"line":47,"column":53},"end":{"line":47,"column":79}}}},"branchMap":{"0":{"loc":{"start":{"line":24,"column":6},"end":{"line":26,"column":null}},"type":"if","locations":[{"start":{"line":24,"column":6},"end":{"line":26,"column":null}}]},"1":{"loc":{"start":{"line":24,"column":10},"end":{"line":24,"column":60}},"type":"binary-expr","locations":[{"start":{"line":24,"column":10},"end":{"line":24,"column":28}},{"start":{"line":24,"column":32},"end":{"line":24,"column":60}}]},"2":{"loc":{"start":{"line":28,"column":6},"end":{"line":30,"column":null}},"type":"if","locations":[{"start":{"line":28,"column":6},"end":{"line":30,"column":null}}]},"3":{"loc":{"start":{"line":28,"column":10},"end":{"line":28,"column":51}},"type":"binary-expr","locations":[{"start":{"line":28,"column":10},"end":{"line":28,"column":29}},{"start":{"line":28,"column":33},"end":{"line":28,"column":51}}]},"4":{"loc":{"start":{"line":32,"column":6},"end":{"line":34,"column":null}},"type":"if","locations":[{"start":{"line":32,"column":6},"end":{"line":34,"column":null}}]},"5":{"loc":{"start":{"line":32,"column":10},"end":{"line":32,"column":68}},"type":"binary-expr","locations":[{"start":{"line":32,"column":10},"end":{"line":32,"column":30}},{"start":{"line":32,"column":34},"end":{"line":32,"column":68}}]},"6":{"loc":{"start":{"line":36,"column":6},"end":{"line":38,"column":null}},"type":"if","locations":[{"start":{"line":36,"column":6},"end":{"line":38,"column":null}}]},"7":{"loc":{"start":{"line":36,"column":10},"end":{"line":36,"column":65}},"type":"binary-expr","locations":[{"start":{"line":36,"column":10},"end":{"line":36,"column":30}},{"start":{"line":36,"column":34},"end":{"line":36,"column":65}}]}},"s":{"0":1,"1":1,"2":1,"3":1,"4":1,"5":1,"6":1,"7":1,"8":1,"9":7,"10":7,"11":7,"12":7,"13":7,"14":1,"15":6,"16":1,"17":5,"18":1,"19":4,"20":1,"21":3,"22":2,"23":2,"24":2,"25":2,"26":2,"27":2,"28":2,"29":2,"30":2,"31":5,"32":1,"33":1},"f":{"0":7,"1":7,"2":2,"3":2,"4":2},"b":{"0":[1],"1":[7,5],"2":[1],"3":[6,4],"4":[1],"5":[5,3],"6":[1],"7":[4,2]}}
,"/home/luiz/Documents/workspace/challenge-semantix/src/utils/BuildFormatedResult.ts": {"path":"/home/luiz/Documents/workspace/challenge-semantix/src/utils/BuildFormatedResult.ts","statementMap":{"0":{"start":{"line":7,"column":26},"end":{"line":13,"column":4}},"1":{"start":{"line":8,"column":4},"end":{"line":8,"column":null}},"2":{"start":{"line":9,"column":4},"end":{"line":12,"column":null}},"3":{"start":{"line":15,"column":27},"end":{"line":21,"column":4}},"4":{"start":{"line":16,"column":4},"end":{"line":16,"column":null}},"5":{"start":{"line":17,"column":4},"end":{"line":20,"column":null}},"6":{"start":{"line":23,"column":2},"end":{"line":30,"column":null}},"7":{"start":{"line":6,"column":0},"end":{"line":6,"column":16}}},"fnMap":{"0":{"name":"BuildFormatedResult","decl":{"start":{"line":6,"column":16},"end":{"line":6,"column":35}},"loc":{"start":{"line":6,"column":91},"end":{"line":31,"column":1}}},"1":{"name":"(anonymous_1)","decl":{"start":{"line":7,"column":40},"end":{"line":7,"column":41}},"loc":{"start":{"line":7,"column":52},"end":{"line":13,"column":3}}},"2":{"name":"(anonymous_2)","decl":{"start":{"line":15,"column":40},"end":{"line":15,"column":41}},"loc":{"start":{"line":15,"column":52},"end":{"line":21,"column":3}}}},"branchMap":{},"s":{"0":2,"1":2,"2":2,"3":2,"4":2,"5":2,"6":2,"7":1},"f":{"0":2,"1":2,"2":2},"b":{}}
,"/home/luiz/Documents/workspace/challenge-semantix/src/utils/GetUserAddressMockApiData.ts": {"path":"/home/luiz/Documents/workspace/challenge-semantix/src/utils/GetUserAddressMockApiData.ts","statementMap":{"0":{"start":{"line":3,"column":0},"end":{"line":3,"column":80}},"1":{"start":{"line":4,"column":0},"end":{"line":4,"column":25}},"2":{"start":{"line":5,"column":0},"end":{"line":5,"column":37}},"3":{"start":{"line":8,"column":0},"end":{"line":19,"column":null}},"4":{"start":{"line":10,"column":4},"end":{"line":17,"column":null}},"5":{"start":{"line":11,"column":21},"end":{"line":12,"column":101}},"6":{"start":{"line":12,"column":8},"end":{"line":12,"column":99}},"7":{"start":{"line":14,"column":6},"end":{"line":14,"column":null}},"8":{"start":{"line":16,"column":6},"end":{"line":16,"column":null}},"9":{"start":{"line":8,"column":6},"end":{"line":19,"column":null}},"10":{"start":{"line":21,"column":9},"end":{"line":21,"column":34}}},"fnMap":{"0":{"name":"(anonymous_2)","decl":{"start":{"line":9,"column":2},"end":{"line":9,"column":7}},"loc":{"start":{"line":9,"column":41},"end":{"line":18,"column":3}}},"1":{"name":"(anonymous_3)","decl":{"start":{"line":11,"column":49},"end":{"line":11,"column":54}},"loc":{"start":{"line":12,"column":8},"end":{"line":12,"column":99}}}},"branchMap":{},"s":{"0":3,"1":3,"2":3,"3":3,"4":2,"5":2,"6":2,"7":1,"8":1,"9":3,"10":3},"f":{"0":2,"1":2},"b":{}}
,"/home/luiz/Documents/workspace/challenge-semantix/src/utils/GetUserContactsMockApiData.ts": {"path":"/home/luiz/Documents/workspace/challenge-semantix/src/utils/GetUserContactsMockApiData.ts","statementMap":{"0":{"start":{"line":3,"column":0},"end":{"line":3,"column":80}},"1":{"start":{"line":4,"column":0},"end":{"line":4,"column":25}},"2":{"start":{"line":5,"column":0},"end":{"line":5,"column":37}},"3":{"start":{"line":8,"column":0},"end":{"line":19,"column":null}},"4":{"start":{"line":10,"column":4},"end":{"line":17,"column":null}},"5":{"start":{"line":11,"column":21},"end":{"line":12,"column":102}},"6":{"start":{"line":12,"column":8},"end":{"line":12,"column":100}},"7":{"start":{"line":14,"column":6},"end":{"line":14,"column":null}},"8":{"start":{"line":16,"column":6},"end":{"line":16,"column":null}},"9":{"start":{"line":8,"column":6},"end":{"line":19,"column":null}},"10":{"start":{"line":21,"column":9},"end":{"line":21,"column":35}}},"fnMap":{"0":{"name":"(anonymous_2)","decl":{"start":{"line":9,"column":2},"end":{"line":9,"column":7}},"loc":{"start":{"line":9,"column":42},"end":{"line":18,"column":3}}},"1":{"name":"(anonymous_3)","decl":{"start":{"line":11,"column":49},"end":{"line":11,"column":54}},"loc":{"start":{"line":12,"column":8},"end":{"line":12,"column":100}}}},"branchMap":{},"s":{"0":3,"1":3,"2":3,"3":3,"4":2,"5":2,"6":2,"7":1,"8":1,"9":3,"10":3},"f":{"0":2,"1":2},"b":{}}
,"/home/luiz/Documents/workspace/challenge-semantix/src/utils/GetUsersMockApiData.ts": {"path":"/home/luiz/Documents/workspace/challenge-semantix/src/utils/GetUsersMockApiData.ts","statementMap":{"0":{"start":{"line":1,"column":0},"end":{"line":1,"column":80}},"1":{"start":{"line":3,"column":0},"end":{"line":3,"column":25}},"2":{"start":{"line":4,"column":0},"end":{"line":4,"column":29}},"3":{"start":{"line":5,"column":0},"end":{"line":5,"column":37}},"4":{"start":{"line":8,"column":0},"end":{"line":18,"column":null}},"5":{"start":{"line":10,"column":4},"end":{"line":16,"column":null}},"6":{"start":{"line":11,"column":20},"end":{"line":11,"column":137}},"7":{"start":{"line":13,"column":6},"end":{"line":13,"column":null}},"8":{"start":{"line":15,"column":6},"end":{"line":15,"column":null}},"9":{"start":{"line":8,"column":6},"end":{"line":18,"column":null}},"10":{"start":{"line":20,"column":9},"end":{"line":20,"column":28}}},"fnMap":{"0":{"name":"(anonymous_2)","decl":{"start":{"line":9,"column":2},"end":{"line":9,"column":7}},"loc":{"start":{"line":9,"column":83},"end":{"line":17,"column":3}}}},"branchMap":{"0":{"loc":{"start":{"line":9,"column":22},"end":{"line":9,"column":32}},"type":"default-arg","locations":[{"start":{"line":9,"column":29},"end":{"line":9,"column":32}}]},"1":{"loc":{"start":{"line":9,"column":34},"end":{"line":9,"column":46}},"type":"default-arg","locations":[{"start":{"line":9,"column":42},"end":{"line":9,"column":46}}]},"2":{"loc":{"start":{"line":9,"column":48},"end":{"line":9,"column":68}},"type":"default-arg","locations":[{"start":{"line":9,"column":57},"end":{"line":9,"column":68}}]},"3":{"loc":{"start":{"line":9,"column":70},"end":{"line":9,"column":83}},"type":"default-arg","locations":[{"start":{"line":9,"column":78},"end":{"line":9,"column":83}}]}},"s":{"0":2,"1":2,"2":2,"3":2,"4":2,"5":2,"6":2,"7":1,"8":1,"9":2,"10":2},"f":{"0":2},"b":{"0":[2],"1":[2],"2":[2],"3":[2]}}
,"/home/luiz/Documents/workspace/challenge-semantix/src/utils/ValidatePageParameter.ts": {"path":"/home/luiz/Documents/workspace/challenge-semantix/src/utils/ValidatePageParameter.ts","statementMap":{"0":{"start":{"line":2,"column":2},"end":{"line":2,"column":28}},"1":{"start":{"line":1,"column":0},"end":{"line":1,"column":16}}},"fnMap":{"0":{"name":"validatePageParameter","decl":{"start":{"line":1,"column":16},"end":{"line":1,"column":37}},"loc":{"start":{"line":1,"column":51},"end":{"line":3,"column":1}}}},"branchMap":{},"s":{"0":5,"1":1},"f":{"0":5},"b":{}}
}
