TN:
SF:src/@types/index.d.ts
FNF:0
FNH:0
LF:0
LH:0
BRF:0
BRH:0
end_of_record
TN:
SF:src/enums/TicketTypeEnum.ts
FN:1,(anonymous_0)
FNF:1
FNH:1
FNDA:6,(anonymous_0)
DA:1,6
DA:2,6
DA:3,6
LF:3
LH:3
BRDA:1,0,0,6
BRDA:1,0,1,6
BRF:2
BRH:2
end_of_record
TN:
SF:src/modules/users/useCases/ticket/calculateVerifyingDigitModuleTenUseCase/CalculateVerifyingDigitModuleTenUseCase.ts
FN:17,(anonymous_2)
FN:22,(anonymous_3)
FN:47,(anonymous_4)
FN:52,(anonymous_5)
FN:61,(anonymous_6)
FN:108,(anonymous_7)
FN:114,(anonymous_8)
FN:124,(anonymous_9)
FN:144,(anonymous_10)
FN:172,(anonymous_11)
FNF:10
FNH:10
FNDA:7,(anonymous_2)
FNDA:5,(anonymous_3)
FNDA:8,(anonymous_4)
FNDA:77,(anonymous_5)
FNDA:15,(anonymous_6)
FNDA:6,(anonymous_7)
FNDA:63,(anonymous_8)
FNDA:14,(anonymous_9)
FNDA:14,(anonymous_10)
FNDA:140,(anonymous_11)
DA:1,2
DA:2,2
DA:3,2
DA:4,2
DA:5,2
DA:6,2
DA:7,2
DA:16,2
DA:18,7
DA:19,7
DA:24,5
DA:26,5
DA:28,5
DA:30,3
DA:36,3
DA:41,3
DA:47,3
DA:48,8
DA:51,8
DA:52,77
DA:55,8
DA:57,8
DA:59,8
DA:61,15
DA:64,7
DA:67,1
DA:70,2
DA:72,2
DA:73,2
DA:75,2
DA:87,2
DA:94,2
DA:101,2
DA:108,2
DA:109,6
DA:113,6
DA:114,63
DA:118,6
DA:120,6
DA:122,6
DA:124,14
DA:127,5
DA:130,1
DA:133,1
DA:134,1
DA:135,1
DA:137,1
DA:145,14
DA:146,14
DA:148,14
DA:149,140
DA:151,140
DA:152,66
DA:154,74
DA:156,74
DA:157,30
DA:160,30
DA:163,30
DA:165,44
DA:169,140
DA:172,140
LF:61
LH:61
BRDA:28,0,0,3
BRDA:55,1,0,0
BRDA:55,1,1,8
BRDA:57,2,0,0
BRDA:57,2,1,8
BRDA:59,3,0,7
BRDA:118,4,0,0
BRDA:118,4,1,6
BRDA:120,5,0,0
BRDA:120,5,1,6
BRDA:122,6,0,5
BRDA:151,7,0,66
BRDA:151,7,1,74
BRDA:156,8,0,30
BRDA:156,8,1,44
BRF:15
BRH:11
end_of_record
TN:
SF:src/modules/users/useCases/ticket/getTicketBlocksUseCase/GetTicketBlocksUseCase.ts
FN:14,(anonymous_1)
FNF:1
FNH:1
FNDA:2,(anonymous_1)
DA:1,3
DA:2,3
DA:13,3
DA:15,2
DA:17,2
DA:18,1
DA:19,1
DA:20,1
DA:22,1
DA:25,1
DA:26,1
DA:27,1
DA:28,1
DA:30,1
LF:14
LH:14
BRDA:17,0,0,1
BRF:1
BRH:1
end_of_record
TN:
SF:src/modules/users/useCases/ticket/getTicketDataUseCase/GetTicketDataUseCase.ts
FN:9,(anonymous_2)
FN:13,(anonymous_3)
FNF:2
FNH:2
FNDA:2,(anonymous_2)
FNDA:2,(anonymous_3)
DA:1,1
DA:2,1
DA:3,1
DA:4,1
DA:5,1
DA:8,1
DA:9,2
DA:10,2
DA:11,2
DA:14,2
DA:16,2
DA:18,2
DA:20,2
LF:13
LH:13
BRF:0
BRH:0
end_of_record
TN:
SF:src/modules/users/useCases/ticket/getTicketExpirateFactorUseCase/GetTicketExpirateUseCase.ts
FN:6,(anonymous_1)
FNF:1
FNH:1
FNDA:2,(anonymous_1)
DA:1,2
DA:2,2
DA:5,2
DA:7,2
DA:9,2
DA:10,1
DA:12,1
DA:14,1
DA:16,1
DA:19,1
DA:21,1
LF:11
LH:11
BRDA:9,0,0,1
BRF:1
BRH:1
end_of_record
TN:
SF:src/modules/users/useCases/ticket/getTicketVerifyDigitsUseCase/GetTicketVerifyDigitsUseCase.ts
FN:13,(anonymous_1)
FNF:1
FNH:1
FNDA:2,(anonymous_1)
DA:1,3
DA:12,3
DA:14,2
DA:15,1
DA:16,1
DA:17,1
DA:19,1
DA:22,1
DA:23,1
DA:24,1
DA:25,1
DA:27,1
LF:12
LH:12
BRDA:14,0,0,1
BRF:1
BRH:1
end_of_record
TN:
SF:src/modules/users/useCases/ticket/validateBarCodeUseCase/ValidateBarCode.ts
FN:7,(anonymous_1)
FN:75,(anonymous_2)
FNF:2
FNH:2
FNDA:4,(anonymous_1)
FNDA:86,(anonymous_2)
DA:1,2
DA:2,2
DA:3,2
DA:6,2
DA:8,4
DA:9,2
DA:10,2
DA:16,2
DA:18,2
DA:19,2
DA:21,2
DA:22,86
DA:23,86
DA:24,86
DA:25,10
DA:29,2
DA:30,2
DA:32,2
DA:34,2
DA:35,1
DA:38,1
DA:41,2
DA:42,2
DA:43,2
DA:44,2
DA:50,2
DA:51,86
DA:53,86
DA:54,42
DA:56,44
DA:58,44
DA:59,10
DA:62,10
DA:65,10
DA:67,34
DA:71,86
DA:74,2
DA:76,86
DA:80,2
DA:82,2
DA:84,2
DA:85,1
DA:88,1
LF:43
LH:43
BRDA:8,0,0,2
BRDA:24,1,0,10
BRDA:32,2,0,0
BRDA:32,2,1,2
BRDA:32,3,0,2
BRDA:32,3,1,2
BRDA:32,3,2,2
BRDA:34,4,0,1
BRDA:53,5,0,42
BRDA:53,5,1,44
BRDA:58,6,0,10
BRDA:58,6,1,34
BRDA:80,7,0,0
BRDA:80,7,1,2
BRDA:82,8,0,0
BRDA:82,8,1,2
BRDA:84,9,0,1
BRF:17
BRH:14
end_of_record
TN:
SF:src/utils/BuildResultData.ts
FN:9,BuildResultData
FN:21,getAmount
FN:37,getValue
FNF:3
FNH:3
FNDA:4,BuildResultData
FNDA:4,getAmount
FNDA:4,getValue
DA:1,2
DA:9,2
DA:10,4
DA:11,4
DA:13,4
DA:22,4
DA:23,3
DA:27,3
DA:30,1
DA:34,1
DA:39,4
DA:40,4
DA:41,0
DA:42,4
DA:43,0
DA:45,4
DA:46,4
DA:48,0
DA:50,0
LF:19
LH:15
BRDA:10,0,0,2
BRDA:10,0,1,2
BRDA:11,1,0,2
BRDA:11,1,1,2
BRDA:22,2,0,3
BRDA:39,3,0,4
BRDA:40,4,0,0
BRDA:40,4,1,4
BRDA:42,5,0,0
BRDA:42,5,1,4
BRF:10
BRH:8
end_of_record
TN:
SF:src/utils/GetTicketType.ts
FN:8,getTicketType
FNF:1
FNH:1
FNDA:9,getTicketType
DA:1,4
DA:8,4
DA:9,9
DA:10,5
DA:13,4
LF:5
LH:5
BRDA:9,0,0,5
BRF:1
BRH:1
end_of_record
TN:
SF:src/utils/ReverseString.ts
FN:1,reverseString
FNF:1
FNH:1
FNDA:14,reverseString
DA:1,2
DA:2,14
LF:2
LH:2
BRF:0
BRH:0
end_of_record
