TN:
SF:src/modules/users/useCases/getUserAddressUseCase/GetUserAddressUseCase.ts
FN:9,(anonymous_2)
FN:13,(anonymous_3)
FN:19,(anonymous_4)
FNF:3
FNH:3
FNDA:9,(anonymous_2)
FNDA:2,(anonymous_3)
FNDA:1,(anonymous_4)
DA:3,2
DA:4,2
DA:5,2
DA:8,2
DA:10,9
DA:14,2
DA:15,2
DA:19,1
DA:20,1
DA:31,1
DA:38,2
LF:11
LH:11
BRF:0
BRH:0
end_of_record
TN:
SF:src/modules/users/useCases/getUserContactsUseCase/GetUseContactsUseCase.ts
FN:9,(anonymous_2)
FN:11,(anonymous_3)
FN:15,(anonymous_4)
FNF:3
FNH:3
FNDA:9,(anonymous_2)
FNDA:2,(anonymous_3)
FNDA:1,(anonymous_4)
DA:3,2
DA:4,2
DA:5,2
DA:8,2
DA:9,9
DA:12,2
DA:13,2
DA:15,1
DA:16,1
DA:27,1
DA:32,2
LF:11
LH:11
BRF:0
BRH:0
end_of_record
TN:
SF:src/modules/users/useCases/getUsersUseCase/GetUsersUseCase.ts
FN:16,(anonymous_2)
FN:22,(anonymous_3)
FN:45,(anonymous_4)
FN:46,(anonymous_5)
FN:47,(anonymous_6)
FNF:5
FNH:5
FNDA:7,(anonymous_2)
FNDA:7,(anonymous_3)
FNDA:2,(anonymous_4)
FNDA:2,(anonymous_5)
FNDA:2,(anonymous_6)
DA:3,1
DA:4,1
DA:5,1
DA:7,1
DA:8,1
DA:9,1
DA:11,1
DA:12,1
DA:15,1
DA:17,7
DA:18,7
DA:19,7
DA:23,7
DA:24,7
DA:25,1
DA:28,6
DA:29,1
DA:32,5
DA:33,1
DA:36,4
DA:37,1
DA:40,3
DA:42,2
DA:43,2
DA:45,2
DA:46,2
DA:47,2
DA:49,2
DA:52,2
DA:54,5
DA:59,1
LF:31
LH:31
BRDA:24,0,0,1
BRDA:24,1,0,7
BRDA:24,1,1,5
BRDA:28,2,0,1
BRDA:28,3,0,6
BRDA:28,3,1,4
BRDA:32,4,0,1
BRDA:32,5,0,5
BRDA:32,5,1,3
BRDA:36,6,0,1
BRDA:36,7,0,4
BRDA:36,7,1,2
BRF:12
BRH:12
end_of_record
TN:
SF:src/utils/BuildFormatedResult.ts
FN:6,BuildFormatedResult
FN:7,(anonymous_1)
FN:15,(anonymous_2)
FNF:3
FNH:3
FNDA:2,BuildFormatedResult
FNDA:2,(anonymous_1)
FNDA:2,(anonymous_2)
DA:6,1
DA:7,2
DA:8,2
DA:9,2
DA:15,2
DA:16,2
DA:17,2
DA:23,2
LF:8
LH:8
BRF:0
BRH:0
end_of_record
TN:
SF:src/utils/GetUserAddressMockApiData.ts
FN:9,(anonymous_2)
FN:11,(anonymous_3)
FNF:2
FNH:2
FNDA:2,(anonymous_2)
FNDA:2,(anonymous_3)
DA:3,3
DA:4,3
DA:5,3
DA:8,3
DA:10,2
DA:11,2
DA:12,2
DA:14,1
DA:16,1
DA:21,3
LF:10
LH:10
BRF:0
BRH:0
end_of_record
TN:
SF:src/utils/GetUserContactsMockApiData.ts
FN:9,(anonymous_2)
FN:11,(anonymous_3)
FNF:2
FNH:2
FNDA:2,(anonymous_2)
FNDA:2,(anonymous_3)
DA:3,3
DA:4,3
DA:5,3
DA:8,3
DA:10,2
DA:11,2
DA:12,2
DA:14,1
DA:16,1
DA:21,3
LF:10
LH:10
BRF:0
BRH:0
end_of_record
TN:
SF:src/utils/GetUsersMockApiData.ts
FN:9,(anonymous_2)
FNF:1
FNH:1
FNDA:2,(anonymous_2)
DA:1,2
DA:3,2
DA:4,2
DA:5,2
DA:8,2
DA:10,2
DA:11,2
DA:13,1
DA:15,1
DA:20,2
LF:10
LH:10
BRDA:9,0,0,2
BRDA:9,1,0,2
BRDA:9,2,0,2
BRDA:9,3,0,2
BRF:4
BRH:4
end_of_record
TN:
SF:src/utils/ValidatePageParameter.ts
FN:1,validatePageParameter
FNF:1
FNH:1
FNDA:5,validatePageParameter
DA:1,1
DA:2,5
LF:2
LH:2
BRF:0
BRH:0
end_of_record
